imlib/build/intermediates/manifest_merge_blame_file/debug/manifest-merger-blame-debug-report.txt
1<?xml version="1.0" encoding="utf-8"?>
2<manifest xmlns:android="http://schemas.android.com/apk/res/android"
3    package="io.rong.libcore" >
4
5    <uses-sdk
6        android:minSdkVersion="19"
6-->yyf\imlib\AndroidManifest.xml
7        android:targetSdkVersion="31" />
7-->yyf\imlib\AndroidManifest.xml
8
9    <!-- 保存图片，拍照等 -->
10    <uses-permission android:name="android.permission.WRITE_EXTERNAL_STORAGE" />
10-->yyf\imlib\AndroidManifest.xml:5:5-81
10-->yyf\imlib\AndroidManifest.xml:5:22-78
11    <uses-permission android:name="android.permission.READ_EXTERNAL_STORAGE" />
11-->yyf\imlib\AndroidManifest.xml:6:5-80
11-->yyf\imlib\AndroidManifest.xml:6:22-77
12    <!-- 网络 -->
13    <uses-permission android:name="android.permission.INTERNET" />
13-->yyf\imlib\AndroidManifest.xml:8:5-67
13-->yyf\imlib\AndroidManifest.xml:8:22-64
14    <uses-permission android:name="android.permission.ACCESS_NETWORK_STATE" />
14-->yyf\imlib\AndroidManifest.xml:9:5-79
14-->yyf\imlib\AndroidManifest.xml:9:22-76
15    <uses-permission android:name="android.permission.ACCESS_WIFI_STATE" />
15-->yyf\imlib\AndroidManifest.xml:10:5-76
15-->yyf\imlib\AndroidManifest.xml:10:22-73
16    <uses-permission android:name="android.permission.READ_MEDIA_IMAGES" />
16-->yyf\imlib\AndroidManifest.xml:11:5-76
16-->yyf\imlib\AndroidManifest.xml:11:22-73
17    <uses-permission android:name="android.permission.READ_MEDIA_VIDEO" />
17-->yyf\imlib\AndroidManifest.xml:12:5-75
17-->yyf\imlib\AndroidManifest.xml:12:22-72
18    <!-- 消息通道保活 -->
19    <uses-permission android:name="android.permission.WAKE_LOCK" />
19-->yyf\imlib\AndroidManifest.xml:14:5-68
19-->yyf\imlib\AndroidManifest.xml:14:22-65
20    <!-- 定位，如果您需要定位相关的功能，可以打开以下注释 -->
21    <!-- <uses-permission android:name="android.permission.ACCESS_FINE_LOCATION" /> -->
22
23    <uses-permission android:name="${applicationId}.permission.RONG_ACCESS_RECEIVER" />
23-->yyf\imlib\AndroidManifest.xml:18:5-88
23-->yyf\imlib\AndroidManifest.xml:18:22-85
24
25    <!-- 融云自定义接收广播权限，用于广播接收 -->
26    <permission
26-->yyf\imlib\AndroidManifest.xml:21:5-23:47
27        android:name="${applicationId}.permission.RONG_ACCESS_RECEIVER"
27-->yyf\imlib\AndroidManifest.xml:22:9-72
28        android:protectionLevel="signature" />
28-->yyf\imlib\AndroidManifest.xml:23:9-44
29
30    <application>
30-->yyf\imlib\AndroidManifest.xml:25:5-68:19
31        <service
31-->yyf\imlib\AndroidManifest.xml:26:9-28:38
32            android:name="io.rong.imlib.ipc.RongService"
32-->yyf\imlib\AndroidManifest.xml:27:13-57
33            android:process=":ipc" />
33-->yyf\imlib\AndroidManifest.xml:28:13-35
34
35        <receiver android:name="io.rong.imlib.ConnectChangeReceiver" />
35-->yyf\imlib\AndroidManifest.xml:30:9-72
35-->yyf\imlib\AndroidManifest.xml:30:19-69
36        <receiver android:name="io.rong.imlib.HeartbeatReceiver" />
36-->yyf\imlib\AndroidManifest.xml:32:9-68
36-->yyf\imlib\AndroidManifest.xml:32:19-65
37
38        <!-- 必选： SDK 核心功能 -->
39        <service
39-->yyf\imlib\AndroidManifest.xml:36:9-40:46
40            android:name="io.rong.push.rongpush.PushService"
40-->yyf\imlib\AndroidManifest.xml:37:13-61
41            android:exported="true"
41-->yyf\imlib\AndroidManifest.xml:38:13-36
42            android:permission="android.permission.BIND_JOB_SERVICE"
42-->yyf\imlib\AndroidManifest.xml:39:13-69
43            android:process="io.rong.push" />
43-->yyf\imlib\AndroidManifest.xml:40:13-43
44
45        <!-- push 相关事件接收器 -->
46        <receiver
46-->yyf\imlib\AndroidManifest.xml:43:9-53:20
47            android:name="io.rong.push.rongpush.PushReceiver"
47-->yyf\imlib\AndroidManifest.xml:44:13-62
48            android:exported="true"
48-->yyf\imlib\AndroidManifest.xml:45:13-36
49            android:process="io.rong.push" > <!-- 此处进程可以改名，名称需要和PushService所在进程统一 -->
49-->yyf\imlib\AndroidManifest.xml:46:13-43
50            <!-- 心跳事件和网络切换事件监听,必须 -->
51            <intent-filter>
51-->yyf\imlib\AndroidManifest.xml:48:13-51:29
52                <action android:name="io.rong.push.intent.action.HEART_BEAT" />
52-->yyf\imlib\AndroidManifest.xml:49:17-80
52-->yyf\imlib\AndroidManifest.xml:49:25-77
53                <action android:name="android.net.conn.CONNECTIVITY_CHANGE" />
53-->yyf\imlib\AndroidManifest.xml:50:17-79
53-->yyf\imlib\AndroidManifest.xml:50:25-76
54            </intent-filter>
55        </receiver>
56
57        <activity
57-->yyf\imlib\AndroidManifest.xml:55:9-67:20
58            android:name="io.rong.push.notification.RongBridgeActivity"
58-->yyf\imlib\AndroidManifest.xml:56:13-72
59            android:enabled="true"
59-->yyf\imlib\AndroidManifest.xml:57:13-35
60            android:exported="true"
60-->yyf\imlib\AndroidManifest.xml:58:13-36
61            android:launchMode="singleInstance"
61-->yyf\imlib\AndroidManifest.xml:59:13-48
62            android:theme="@android:style/Theme.Translucent.NoTitleBar" >
62-->yyf\imlib\AndroidManifest.xml:60:13-72
63            <intent-filter>
63-->yyf\imlib\AndroidManifest.xml:61:13-66:29
64                <action android:name="android.intent.action.VIEW" />
64-->yyf\imlib\AndroidManifest.xml:62:17-69
64-->yyf\imlib\AndroidManifest.xml:62:25-66
65                <action android:name="io.rong.push.notification.RongBridgeActivity" />
65-->yyf\imlib\AndroidManifest.xml:63:17-87
65-->yyf\imlib\AndroidManifest.xml:63:25-84
66
67                <category android:name="android.intent.category.DEFAULT" />
67-->yyf\imlib\AndroidManifest.xml:65:17-76
67-->yyf\imlib\AndroidManifest.xml:65:27-73
68            </intent-filter>
69        </activity>
70    </application>
71
72</manifest>